=== puma startup: 2016-11-09 11:21:55 +0500 ===
=== puma startup: 2016-11-09 11:33:27 +0500 ===
=== puma startup: 2016-11-09 07:06:16 +0000 ===
=== puma startup: 2016-11-09 11:34:58 +0000 ===
=== puma startup: 2016-11-09 13:16:18 +0000 ===
=== puma startup: 2016-11-09 13:20:23 +0000 ===
=== puma startup: 2016-11-09 13:28:02 +0000 ===
=== puma startup: 2016-11-09 19:07:55 +0500 ===
=== puma startup: 2016-11-09 19:09:08 +0500 ===
/home/tayyab/.rbenv/versions/2.2.3/lib/ruby/gems/2.2.0/gems/rack-1.6.4/lib/rack/server.rb:355:in `delete': No such file or directory @ unlink_internal - /home/tayyab/Downloads/Tayyab/Office/Projects/Dishcuss Sever/dishcuss_api_dashboard/tmp/pids/server.pid (Errno::ENOENT)
	from /home/tayyab/.rbenv/versions/2.2.3/lib/ruby/gems/2.2.0/gems/rack-1.6.4/lib/rack/server.rb:355:in `block in write_pid'
	from /home/tayyab/.rbenv/versions/2.2.3/lib/ruby/gems/2.2.0/gems/puma-3.6.0/lib/puma/cluster.rb:120:in `fork'
	from /home/tayyab/.rbenv/versions/2.2.3/lib/ruby/gems/2.2.0/gems/puma-3.6.0/lib/puma/cluster.rb:120:in `block in spawn_workers'
	from /home/tayyab/.rbenv/versions/2.2.3/lib/ruby/gems/2.2.0/gems/puma-3.6.0/lib/puma/cluster.rb:116:in `times'
	from /home/tayyab/.rbenv/versions/2.2.3/lib/ruby/gems/2.2.0/gems/puma-3.6.0/lib/puma/cluster.rb:116:in `spawn_workers'
	from /home/tayyab/.rbenv/versions/2.2.3/lib/ruby/gems/2.2.0/gems/puma-3.6.0/lib/puma/cluster.rb:426:in `run'
	from /home/tayyab/.rbenv/versions/2.2.3/lib/ruby/gems/2.2.0/gems/puma-3.6.0/lib/puma/launcher.rb:172:in `run'
	from /home/tayyab/.rbenv/versions/2.2.3/lib/ruby/gems/2.2.0/gems/puma-3.6.0/lib/rack/handler/puma.rb:51:in `run'
	from /home/tayyab/.rbenv/versions/2.2.3/lib/ruby/gems/2.2.0/gems/rack-1.6.4/lib/rack/server.rb:286:in `start'
	from /home/tayyab/.rbenv/versions/2.2.3/lib/ruby/gems/2.2.0/gems/railties-4.2.6/lib/rails/commands/server.rb:80:in `start'
	from /home/tayyab/.rbenv/versions/2.2.3/lib/ruby/gems/2.2.0/gems/railties-4.2.6/lib/rails/commands/commands_tasks.rb:80:in `block in server'
	from /home/tayyab/.rbenv/versions/2.2.3/lib/ruby/gems/2.2.0/gems/railties-4.2.6/lib/rails/commands/commands_tasks.rb:75:in `tap'
	from /home/tayyab/.rbenv/versions/2.2.3/lib/ruby/gems/2.2.0/gems/railties-4.2.6/lib/rails/commands/commands_tasks.rb:75:in `server'
	from /home/tayyab/.rbenv/versions/2.2.3/lib/ruby/gems/2.2.0/gems/railties-4.2.6/lib/rails/commands/commands_tasks.rb:39:in `run_command!'
	from /home/tayyab/.rbenv/versions/2.2.3/lib/ruby/gems/2.2.0/gems/railties-4.2.6/lib/rails/commands.rb:17:in `<top (required)>'
	from /home/tayyab/Downloads/Tayyab/Office/Projects/Dishcuss Sever/dishcuss_api_dashboard/bin/rails:9:in `require'
	from /home/tayyab/Downloads/Tayyab/Office/Projects/Dishcuss Sever/dishcuss_api_dashboard/bin/rails:9:in `<top (required)>'
	from /home/tayyab/.rbenv/versions/2.2.3/lib/ruby/gems/2.2.0/gems/spring-1.7.2/lib/spring/client/rails.rb:28:in `load'
	from /home/tayyab/.rbenv/versions/2.2.3/lib/ruby/gems/2.2.0/gems/spring-1.7.2/lib/spring/client/rails.rb:28:in `call'
	from /home/tayyab/.rbenv/versions/2.2.3/lib/ruby/gems/2.2.0/gems/spring-1.7.2/lib/spring/client/command.rb:7:in `call'
	from /home/tayyab/.rbenv/versions/2.2.3/lib/ruby/gems/2.2.0/gems/spring-1.7.2/lib/spring/client.rb:30:in `run'
	from /home/tayyab/.rbenv/versions/2.2.3/lib/ruby/gems/2.2.0/gems/spring-1.7.2/bin/spring:49:in `<top (required)>'
	from /home/tayyab/.rbenv/versions/2.2.3/lib/ruby/gems/2.2.0/gems/spring-1.7.2/lib/spring/binstub.rb:11:in `load'
	from /home/tayyab/.rbenv/versions/2.2.3/lib/ruby/gems/2.2.0/gems/spring-1.7.2/lib/spring/binstub.rb:11:in `<top (required)>'
	from /home/tayyab/.rbenv/versions/2.2.3/lib/ruby/2.2.0/rubygems/core_ext/kernel_require.rb:54:in `require'
	from /home/tayyab/.rbenv/versions/2.2.3/lib/ruby/2.2.0/rubygems/core_ext/kernel_require.rb:54:in `require'
	from /home/tayyab/Downloads/Tayyab/Office/Projects/Dishcuss Sever/dishcuss_api_dashboard/bin/spring:13:in `<top (required)>'
	from bin/rails:3:in `load'
	from bin/rails:3:in `<main>'
=== puma startup: 2016-11-09 19:24:32 +0500 ===
/home/tayyab/.rbenv/versions/2.2.3/lib/ruby/gems/2.2.0/gems/rack-1.6.4/lib/rack/server.rb:355:in `delete': No such file or directory @ unlink_internal - /home/tayyab/Downloads/Tayyab/Office/Projects/Dishcuss Sever/dishcuss_api_dashboard/tmp/pids/server.pid (Errno::ENOENT)
	from /home/tayyab/.rbenv/versions/2.2.3/lib/ruby/gems/2.2.0/gems/rack-1.6.4/lib/rack/server.rb:355:in `block in write_pid'
	from /home/tayyab/.rbenv/versions/2.2.3/lib/ruby/gems/2.2.0/gems/puma-3.6.0/lib/puma/cluster.rb:120:in `fork'
	from /home/tayyab/.rbenv/versions/2.2.3/lib/ruby/gems/2.2.0/gems/puma-3.6.0/lib/puma/cluster.rb:120:in `block in spawn_workers'
	from /home/tayyab/.rbenv/versions/2.2.3/lib/ruby/gems/2.2.0/gems/puma-3.6.0/lib/puma/cluster.rb:116:in `times'
	from /home/tayyab/.rbenv/versions/2.2.3/lib/ruby/gems/2.2.0/gems/puma-3.6.0/lib/puma/cluster.rb:116:in `spawn_workers'
	from /home/tayyab/.rbenv/versions/2.2.3/lib/ruby/gems/2.2.0/gems/puma-3.6.0/lib/puma/cluster.rb:426:in `run'
	from /home/tayyab/.rbenv/versions/2.2.3/lib/ruby/gems/2.2.0/gems/puma-3.6.0/lib/puma/launcher.rb:172:in `run'
	from /home/tayyab/.rbenv/versions/2.2.3/lib/ruby/gems/2.2.0/gems/puma-3.6.0/lib/rack/handler/puma.rb:51:in `run'
	from /home/tayyab/.rbenv/versions/2.2.3/lib/ruby/gems/2.2.0/gems/rack-1.6.4/lib/rack/server.rb:286:in `start'
	from /home/tayyab/.rbenv/versions/2.2.3/lib/ruby/gems/2.2.0/gems/railties-4.2.6/lib/rails/commands/server.rb:80:in `start'
	from /home/tayyab/.rbenv/versions/2.2.3/lib/ruby/gems/2.2.0/gems/railties-4.2.6/lib/rails/commands/commands_tasks.rb:80:in `block in server'
	from /home/tayyab/.rbenv/versions/2.2.3/lib/ruby/gems/2.2.0/gems/railties-4.2.6/lib/rails/commands/commands_tasks.rb:75:in `tap'
	from /home/tayyab/.rbenv/versions/2.2.3/lib/ruby/gems/2.2.0/gems/railties-4.2.6/lib/rails/commands/commands_tasks.rb:75:in `server'
	from /home/tayyab/.rbenv/versions/2.2.3/lib/ruby/gems/2.2.0/gems/railties-4.2.6/lib/rails/commands/commands_tasks.rb:39:in `run_command!'
	from /home/tayyab/.rbenv/versions/2.2.3/lib/ruby/gems/2.2.0/gems/railties-4.2.6/lib/rails/commands.rb:17:in `<top (required)>'
	from /home/tayyab/Downloads/Tayyab/Office/Projects/Dishcuss Sever/dishcuss_api_dashboard/bin/rails:9:in `require'
	from /home/tayyab/Downloads/Tayyab/Office/Projects/Dishcuss Sever/dishcuss_api_dashboard/bin/rails:9:in `<top (required)>'
	from /home/tayyab/.rbenv/versions/2.2.3/lib/ruby/gems/2.2.0/gems/spring-1.7.2/lib/spring/client/rails.rb:28:in `load'
	from /home/tayyab/.rbenv/versions/2.2.3/lib/ruby/gems/2.2.0/gems/spring-1.7.2/lib/spring/client/rails.rb:28:in `call'
	from /home/tayyab/.rbenv/versions/2.2.3/lib/ruby/gems/2.2.0/gems/spring-1.7.2/lib/spring/client/command.rb:7:in `call'
	from /home/tayyab/.rbenv/versions/2.2.3/lib/ruby/gems/2.2.0/gems/spring-1.7.2/lib/spring/client.rb:30:in `run'
	from /home/tayyab/.rbenv/versions/2.2.3/lib/ruby/gems/2.2.0/gems/spring-1.7.2/bin/spring:49:in `<top (required)>'
	from /home/tayyab/.rbenv/versions/2.2.3/lib/ruby/gems/2.2.0/gems/spring-1.7.2/lib/spring/binstub.rb:11:in `load'
	from /home/tayyab/.rbenv/versions/2.2.3/lib/ruby/gems/2.2.0/gems/spring-1.7.2/lib/spring/binstub.rb:11:in `<top (required)>'
	from /home/tayyab/.rbenv/versions/2.2.3/lib/ruby/2.2.0/rubygems/core_ext/kernel_require.rb:54:in `require'
	from /home/tayyab/.rbenv/versions/2.2.3/lib/ruby/2.2.0/rubygems/core_ext/kernel_require.rb:54:in `require'
	from /home/tayyab/Downloads/Tayyab/Office/Projects/Dishcuss Sever/dishcuss_api_dashboard/bin/spring:13:in `<top (required)>'
	from bin/rails:3:in `load'
	from bin/rails:3:in `<main>'
=== puma startup: 2016-11-10 12:08:07 +0500 ===
=== puma startup: 2016-11-10 12:09:56 +0500 ===
/home/tayyab/.rbenv/versions/2.2.3/lib/ruby/gems/2.2.0/gems/rack-1.6.4/lib/rack/server.rb:355:in `delete': No such file or directory @ unlink_internal - /home/tayyab/Downloads/Tayyab/Office/Projects/Dishcuss Sever/dishcuss_api_dashboard/tmp/pids/server.pid (Errno::ENOENT)
	from /home/tayyab/.rbenv/versions/2.2.3/lib/ruby/gems/2.2.0/gems/rack-1.6.4/lib/rack/server.rb:355:in `block in write_pid'
	from /home/tayyab/.rbenv/versions/2.2.3/lib/ruby/gems/2.2.0/gems/puma-3.6.0/lib/puma/cluster.rb:120:in `fork'
	from /home/tayyab/.rbenv/versions/2.2.3/lib/ruby/gems/2.2.0/gems/puma-3.6.0/lib/puma/cluster.rb:120:in `block in spawn_workers'
	from /home/tayyab/.rbenv/versions/2.2.3/lib/ruby/gems/2.2.0/gems/puma-3.6.0/lib/puma/cluster.rb:116:in `times'
	from /home/tayyab/.rbenv/versions/2.2.3/lib/ruby/gems/2.2.0/gems/puma-3.6.0/lib/puma/cluster.rb:116:in `spawn_workers'
	from /home/tayyab/.rbenv/versions/2.2.3/lib/ruby/gems/2.2.0/gems/puma-3.6.0/lib/puma/cluster.rb:426:in `run'
	from /home/tayyab/.rbenv/versions/2.2.3/lib/ruby/gems/2.2.0/gems/puma-3.6.0/lib/puma/launcher.rb:172:in `run'
	from /home/tayyab/.rbenv/versions/2.2.3/lib/ruby/gems/2.2.0/gems/puma-3.6.0/lib/rack/handler/puma.rb:51:in `run'
	from /home/tayyab/.rbenv/versions/2.2.3/lib/ruby/gems/2.2.0/gems/rack-1.6.4/lib/rack/server.rb:286:in `start'
	from /home/tayyab/.rbenv/versions/2.2.3/lib/ruby/gems/2.2.0/gems/railties-4.2.6/lib/rails/commands/server.rb:80:in `start'
	from /home/tayyab/.rbenv/versions/2.2.3/lib/ruby/gems/2.2.0/gems/railties-4.2.6/lib/rails/commands/commands_tasks.rb:80:in `block in server'
	from /home/tayyab/.rbenv/versions/2.2.3/lib/ruby/gems/2.2.0/gems/railties-4.2.6/lib/rails/commands/commands_tasks.rb:75:in `tap'
	from /home/tayyab/.rbenv/versions/2.2.3/lib/ruby/gems/2.2.0/gems/railties-4.2.6/lib/rails/commands/commands_tasks.rb:75:in `server'
	from /home/tayyab/.rbenv/versions/2.2.3/lib/ruby/gems/2.2.0/gems/railties-4.2.6/lib/rails/commands/commands_tasks.rb:39:in `run_command!'
	from /home/tayyab/.rbenv/versions/2.2.3/lib/ruby/gems/2.2.0/gems/railties-4.2.6/lib/rails/commands.rb:17:in `<top (required)>'
	from /home/tayyab/Downloads/Tayyab/Office/Projects/Dishcuss Sever/dishcuss_api_dashboard/bin/rails:9:in `require'
	from /home/tayyab/Downloads/Tayyab/Office/Projects/Dishcuss Sever/dishcuss_api_dashboard/bin/rails:9:in `<top (required)>'
	from /home/tayyab/.rbenv/versions/2.2.3/lib/ruby/gems/2.2.0/gems/spring-1.7.2/lib/spring/client/rails.rb:28:in `load'
	from /home/tayyab/.rbenv/versions/2.2.3/lib/ruby/gems/2.2.0/gems/spring-1.7.2/lib/spring/client/rails.rb:28:in `call'
	from /home/tayyab/.rbenv/versions/2.2.3/lib/ruby/gems/2.2.0/gems/spring-1.7.2/lib/spring/client/command.rb:7:in `call'
	from /home/tayyab/.rbenv/versions/2.2.3/lib/ruby/gems/2.2.0/gems/spring-1.7.2/lib/spring/client.rb:30:in `run'
	from /home/tayyab/.rbenv/versions/2.2.3/lib/ruby/gems/2.2.0/gems/spring-1.7.2/bin/spring:49:in `<top (required)>'
	from /home/tayyab/.rbenv/versions/2.2.3/lib/ruby/gems/2.2.0/gems/spring-1.7.2/lib/spring/binstub.rb:11:in `load'
	from /home/tayyab/.rbenv/versions/2.2.3/lib/ruby/gems/2.2.0/gems/spring-1.7.2/lib/spring/binstub.rb:11:in `<top (required)>'
	from /home/tayyab/.rbenv/versions/2.2.3/lib/ruby/2.2.0/rubygems/core_ext/kernel_require.rb:54:in `require'
	from /home/tayyab/.rbenv/versions/2.2.3/lib/ruby/2.2.0/rubygems/core_ext/kernel_require.rb:54:in `require'
	from /home/tayyab/Downloads/Tayyab/Office/Projects/Dishcuss Sever/dishcuss_api_dashboard/bin/spring:13:in `<top (required)>'
	from bin/rails:3:in `load'
	from bin/rails:3:in `<main>'
=== puma startup: 2016-11-10 12:10:37 +0500 ===
